===================================
==========31_май_10_25_47===========
===================================
Количество игроков: 2
Первый игрок: testrer777
Второй игрок: Tester
Победитель: testrer777
===================================

===================================
==========31_май_10_25_49===========
===================================
Количество игроков: 2
Первый игрок: testrer777
Второй игрок: Tester
Победитель: testrer777
===================================

===================================
==========31_май_10_29_38===========
===================================
Количество игроков: 2
Первый игрок: testrer777
Второй игрок: Tester
Победитель: testrer777
===================================

===================================
==========31_май_10_29_40===========
===================================
Количество игроков: 2
Первый игрок: testrer777
Второй игрок: Tester
Победитель: testrer777
===================================

===================================
==========31_май_10_29_40===========
===================================
Количество игроков: 2
Первый игрок: testrer777
Второй игрок: Tester
Победитель: testrer777
===================================

