===================================
==========29_май_19_23_58===========
===================================
Количество игроков: 2
Первый игрок: Tester
Второй игрок: Sacura
Победитель: Tester
===================================

===================================
==========29_май_19_24_00===========
===================================
Количество игроков: 2
Первый игрок: Tester
Второй игрок: Sacura
Победитель: Tester
===================================

===================================
==========29_май_19_25_51===========
===================================
Количество игроков: 2
Первый игрок: Tester
Второй игрок: Sacura
Победитель: Tester
===================================

===================================
==========29_май_19_25_53===========
===================================
Количество игроков: 2
Первый игрок: Tester
Второй игрок: Sacura
Победитель: Tester
===================================

