===================================
==========01_июн_10_00_00===========
===================================
Количество игроков: 2
Первый игрок: My New Tester
Второй игрок: Tester
Победитель: My New Tester
===================================

===================================
==========01_июн_10_20_22===========
===================================
Количество игроков: 2
Первый игрок: Noob
Второй игрок: Tester
Победитель: Noob
===================================

===================================
==========01_июн_10_20_24===========
===================================
Количество игроков: 2
Первый игрок: Noob
Второй игрок: Tester
Победитель: Noob
===================================

