===================================
==========28_май_21_48_50===========
===================================
Gamers Count: 2
First Gamer: Deni
Two Gamer: Deniska
CurrUsr: Deni
===================================

===================================
==========28_май_21_48_52===========
===================================
Gamers Count: 2
First Gamer: Deni
Two Gamer: Deniska
CurrUsr: Deni
===================================

===================================
==========28_май_21_51_36===========
===================================
Gamers Count: 2
First Gamer: Deniska
Two Gamer: Deni
CurrUsr: Deniska
===================================

===================================
==========28_май_21_51_38===========
===================================
Gamers Count: 2
First Gamer: Deniska
Two Gamer: Deni
CurrUsr: Deniska
===================================

