===================================
==========01_июн_09_50_54===========
===================================
Количество игроков: 2
Первый игрок: ?????
Второй игрок: Tester
Победитель: ?????
===================================

===================================
==========01_июн_09_50_57===========
===================================
Количество игроков: 2
Первый игрок: ?????
Второй игрок: Tester
Победитель: ?????
===================================

===================================
==========01_июн_09_58_58===========
===================================
Количество игроков: 2
Первый игрок: My New Tester
Второй игрок: Tester
Победитель: My New Tester
===================================

===================================
==========01_июн_09_59_00===========
===================================
Количество игроков: 2
Первый игрок: My New Tester
Второй игрок: Tester
Победитель: My New Tester
===================================

===================================
==========01_июн_09_59_58===========
===================================
Количество игроков: 2
Первый игрок: My New Tester
Второй игрок: Tester
Победитель: My New Tester
===================================

