===================================
==========01_июн_16_35_06===========
===================================
Количество игроков: 2
Первый игрок: Vasiliy
Второй игрок: Tester
Победитель: Vasiliy
===================================

===================================
==========01_июн_16_35_08===========
===================================
Количество игроков: 2
Первый игрок: Vasiliy
Второй игрок: Tester
Победитель: Vasiliy
===================================

===================================
==========01_июн_16_35_08===========
===================================
Количество игроков: 2
Первый игрок: Vasiliy
Второй игрок: Tester
Победитель: Vasiliy
===================================

